# JRE version: Java(TM) SE Runtime Environment (8.0_65-b17) (build 1.8.0_65-b17)
# Java VM: Java HotSpot(TM) 64-Bit Server VM (25.65-b01 mixed mode bsd-amd64 compressed oops)
Heap:
 PSYoungGen      total 156672K, used 69144K [0x00000007aab00000, 0x00000007b7e00000, 0x00000007c0000000)
  eden space 144896K, 39% used [0x00000007aab00000,0x00000007ae30c6e0,0x00000007b3880000)
  from space 11776K, 99% used [0x00000007b3880000,0x00000007b43f99b8,0x00000007b4400000)
  to   space 13824K, 0% used [0x00000007b7080000,0x00000007b7080000,0x00000007b7e00000)
 ParOldGen       total 57344K, used 22080K [0x0000000780000000, 0x0000000783800000, 0x00000007aab00000)
  object space 57344K, 38% used [0x0000000780000000,0x0000000781590078,0x0000000783800000)
 Metaspace       used 46740K, capacity 47188K, committed 47656K, reserved 1091584K
  class space    used 6019K, capacity 6145K, committed 6192K, reserved 1048576K
GC Heap History (10 events):
Event: 4.093 GC heap before
{Heap before GC invocations=9 (full 1):
 PSYoungGen      total 72192K, used 64512K [0x00000007aab00000, 0x00000007b3800000, 0x00000007c0000000)
  eden space 64512K, 100% used [0x00000007aab00000,0x00000007aea00000,0x00000007aea00000)
  from space 7680K, 0% used [0x00000007aea00000,0x00000007aea00000,0x00000007af180000)
  to   space 7680K, 0% used [0x00000007b3080000,0x00000007b3080000,0x00000007b3800000)
 ParOldGen       total 32256K, used 6609K [0x0000000780000000, 0x0000000781f80000, 0x00000007aab00000)
  object space 32256K, 20% used [0x0000000780000000,0x00000007806746f0,0x0000000781f80000)
 Metaspace       used 24380K, capacity 24740K, committed 25136K, reserved 1071104K
  class space    used 2992K, capacity 3075K, committed 3120K, reserved 1048576K
Event: 4.107 GC heap after
Heap after GC invocations=9 (full 1):
 PSYoungGen      total 112128K, used 5300K [0x00000007aab00000, 0x00000007b3600000, 0x00000007c0000000)
  eden space 106496K, 0% used [0x00000007aab00000,0x00000007aab00000,0x00000007b1300000)
  from space 5632K, 94% used [0x00000007b3080000,0x00000007b35ad3f0,0x00000007b3600000)
  to   space 7680K, 0% used [0x00000007b2700000,0x00000007b2700000,0x00000007b2e80000)
 ParOldGen       total 32256K, used 6617K [0x0000000780000000, 0x0000000781f80000, 0x00000007aab00000)
  object space 32256K, 20% used [0x0000000780000000,0x00000007806766f0,0x0000000781f80000)
 Metaspace       used 24380K, capacity 24740K, committed 25136K, reserved 1071104K
  class space    used 2992K, capacity 3075K, committed 3120K, reserved 1048576K
}
Event: 5.783 GC heap before
{Heap before GC invocations=10 (full 1):
 PSYoungGen      total 112128K, used 111796K [0x00000007aab00000, 0x00000007b3600000, 0x00000007c0000000)
  eden space 106496K, 100% used [0x00000007aab00000,0x00000007b1300000,0x00000007b1300000)
  from space 5632K, 94% used [0x00000007b3080000,0x00000007b35ad3f0,0x00000007b3600000)
  to   space 7680K, 0% used [0x00000007b2700000,0x00000007b2700000,0x00000007b2e80000)
 ParOldGen       total 32256K, used 6617K [0x0000000780000000, 0x0000000781f80000, 0x00000007aab00000)
  object space 32256K, 20% used [0x0000000780000000,0x00000007806766f0,0x0000000781f80000)
 Metaspace       used 30661K, capacity 31012K, committed 31280K, reserved 1077248K
  class space    used 3729K, capacity 3843K, committed 3888K, reserved 1048576K
Event: 5.808 GC heap after
Heap after GC invocations=10 (full 1):
 PSYoungGen      total 134656K, used 7677K [0x00000007aab00000, 0x00000007b4e80000, 0x00000007c0000000)
  eden space 126976K, 0% used [0x00000007aab00000,0x00000007aab00000,0x00000007b2700000)
  from space 7680K, 99% used [0x00000007b2700000,0x00000007b2e7f7b8,0x00000007b2e80000)
  to   space 10752K, 0% used [0x00000007b4400000,0x00000007b4400000,0x00000007b4e80000)
 ParOldGen       total 32256K, used 12312K [0x0000000780000000, 0x0000000781f80000, 0x00000007aab00000)
  object space 32256K, 38% used [0x0000000780000000,0x0000000780c06248,0x0000000781f80000)
 Metaspace       used 30661K, capacity 31012K, committed 31280K, reserved 1077248K
  class space    used 3729K, capacity 3843K, committed 3888K, reserved 1048576K
}
Event: 6.602 GC heap before
{Heap before GC invocations=11 (full 1):
 PSYoungGen      total 134656K, used 40654K [0x00000007aab00000, 0x00000007b4e80000, 0x00000007c0000000)
  eden space 126976K, 25% used [0x00000007aab00000,0x00000007acb34380,0x00000007b2700000)
  from space 7680K, 99% used [0x00000007b2700000,0x00000007b2e7f7b8,0x00000007b2e80000)
  to   space 10752K, 0% used [0x00000007b4400000,0x00000007b4400000,0x00000007b4e80000)
 ParOldGen       total 32256K, used 12312K [0x0000000780000000, 0x0000000781f80000, 0x00000007aab00000)
  object space 32256K, 38% used [0x0000000780000000,0x0000000780c06248,0x0000000781f80000)
 Metaspace       used 34799K, capacity 35156K, committed 35496K, reserved 1081344K
  class space    used 4389K, capacity 4491K, committed 4528K, reserved 1048576K
Event: 6.623 GC heap after
Heap after GC invocations=11 (full 1):
 PSYoungGen      total 155648K, used 9272K [0x00000007aab00000, 0x00000007b6b80000, 0x00000007c0000000)
  eden space 144896K, 0% used [0x00000007aab00000,0x00000007aab00000,0x00000007b3880000)
  from space 10752K, 86% used [0x00000007b4400000,0x00000007b4d0e0e8,0x00000007b4e80000)
  to   space 11776K, 0% used [0x00000007b3880000,0x00000007b3880000,0x00000007b4400000)
 ParOldGen       total 32256K, used 15148K [0x0000000780000000, 0x0000000781f80000, 0x00000007aab00000)
  object space 32256K, 46% used [0x0000000780000000,0x0000000780ecb288,0x0000000781f80000)
 Metaspace       used 34799K, capacity 35156K, committed 35496K, reserved 1081344K
  class space    used 4389K, capacity 4491K, committed 4528K, reserved 1048576K
}
Event: 6.623 GC heap before
{Heap before GC invocations=12 (full 2):
 PSYoungGen      total 155648K, used 9272K [0x00000007aab00000, 0x00000007b6b80000, 0x00000007c0000000)
  eden space 144896K, 0% used [0x00000007aab00000,0x00000007aab00000,0x00000007b3880000)
  from space 10752K, 86% used [0x00000007b4400000,0x00000007b4d0e0e8,0x00000007b4e80000)
  to   space 11776K, 0% used [0x00000007b3880000,0x00000007b3880000,0x00000007b4400000)
 ParOldGen       total 32256K, used 15148K [0x0000000780000000, 0x0000000781f80000, 0x00000007aab00000)
  object space 32256K, 46% used [0x0000000780000000,0x0000000780ecb288,0x0000000781f80000)
 Metaspace       used 34799K, capacity 35156K, committed 35496K, reserved 1081344K
  class space    used 4389K, capacity 4491K, committed 4528K, reserved 1048576K
Event: 6.731 GC heap after
Heap after GC invocations=12 (full 2):
 PSYoungGen      total 155648K, used 0K [0x00000007aab00000, 0x00000007b6b80000, 0x00000007c0000000)
  eden space 144896K, 0% used [0x00000007aab00000,0x00000007aab00000,0x00000007b3880000)
  from space 10752K, 0% used [0x00000007b4400000,0x00000007b4400000,0x00000007b4e80000)
  to   space 11776K, 0% used [0x00000007b3880000,0x00000007b3880000,0x00000007b4400000)
 ParOldGen       total 57344K, used 20216K [0x0000000780000000, 0x0000000783800000, 0x00000007aab00000)
  object space 57344K, 35% used [0x0000000780000000,0x00000007813be1e0,0x0000000783800000)
 Metaspace       used 34799K, capacity 35156K, committed 35496K, reserved 1081344K
  class space    used 4389K, capacity 4491K, committed 4528K, reserved 1048576K
}
Event: 9.968 GC heap before
{Heap before GC invocations=13 (full 2):
 PSYoungGen      total 155648K, used 144896K [0x00000007aab00000, 0x00000007b6b80000, 0x00000007c0000000)
  eden space 144896K, 100% used [0x00000007aab00000,0x00000007b3880000,0x00000007b3880000)
  from space 10752K, 0% used [0x00000007b4400000,0x00000007b4400000,0x00000007b4e80000)
  to   space 11776K, 0% used [0x00000007b3880000,0x00000007b3880000,0x00000007b4400000)
 ParOldGen       total 57344K, used 20216K [0x0000000780000000, 0x0000000783800000, 0x00000007aab00000)
  object space 57344K, 35% used [0x0000000780000000,0x00000007813be1e0,0x0000000783800000)
 Metaspace       used 43712K, capacity 44144K, committed 44712K, reserved 1087488K
  class space    used 5632K, capacity 5749K, committed 5808K, reserved 1048576K
Event: 9.993 GC heap after
Heap after GC invocations=13 (full 2):
 PSYoungGen      total 156672K, used 11750K [0x00000007aab00000, 0x00000007b7e00000, 0x00000007c0000000)
  eden space 144896K, 0% used [0x00000007aab00000,0x00000007aab00000,0x00000007b3880000)
  from space 11776K, 99% used [0x00000007b3880000,0x00000007b43f99b8,0x00000007b4400000)
  to   space 13824K, 0% used [0x00000007b7080000,0x00000007b7080000,0x00000007b7e00000)
 ParOldGen       total 57344K, used 22080K [0x0000000780000000, 0x0000000783800000, 0x00000007aab00000)
  object space 57344K, 38% used [0x0000000780000000,0x0000000781590078,0x0000000783800000)
 Metaspace       used 43712K, capacity 44144K, committed 44712K, reserved 1087488K
  class space    used 5632K, capacity 5749K, committed 5808K, reserved 1048576K
}

